[    0.000000] Initializing cgroup subsys cpuset
[    0.000000] Initializing cgroup subsys cpu
[    0.000000] Initializing cgroup subsys cpuacct
[    0.000000] Linux version 4.4.0-174-generic (buildd@lcy01-amd64-027) (gcc version 5.4.0 20160609 (Ubuntu 5.4.0-6ubuntu1~16.04.12) ) #204-Ubuntu SMP Wed Jan 29 06:41:01 UTC 2020 (Ubuntu 4.4.0-174.204-generic 4.4.211)
[    0.000000] Command line: BOOT_IMAGE=/boot/vmlinuz-4.4.0-174-generic root=LABEL=cloudimg-rootfs ro console=tty1 console=ttyS0
[    0.000000] KERNEL supported cpus:
[    0.000000]   Intel GenuineIntel
[    0.000000]   AMD AuthenticAMD
[    0.000000]   Centaur CentaurHauls
[    0.000000] x86/fpu: xstate_offset[2]:  576, xstate_sizes[2]:  256
[    0.000000] x86/fpu: Supporting XSAVE feature 0x01: 'x87 floating point registers'
[    0.000000] x86/fpu: Supporting XSAVE feature 0x02: 'SSE registers'
[    0.000000] x86/fpu: Supporting XSAVE feature 0x04: 'AVX registers'
[    0.000000] x86/fpu: Enabled xstate features 0x7, context size is 832 bytes, using 'standard' format.
[    0.000000] e820: BIOS-provided physical RAM map:
[    0.000000] BIOS-e820: [mem 0x0000000000000000-0x000000000009fbff] usable
[    0.000000] BIOS-e820: [mem 0x000000000009fc00-0x000000000009ffff] reserved
[    0.000000] BIOS-e820: [mem 0x00000000000f0000-0x00000000000fffff] reserved
[    0.000000] BIOS-e820: [mem 0x0000000000100000-0x000000007ffeffff] usable
[    0.000000] BIOS-e820: [mem 0x000000007fff0000-0x000000007fffffff] ACPI data
[    0.000000] BIOS-e820: [mem 0x00000000fec00000-0x00000000fec00fff] reserved
[    0.000000] BIOS-e820: [mem 0x00000000fee00000-0x00000000fee00fff] reserved
[    0.000000] BIOS-e820: [mem 0x00000000fffc0000-0x00000000ffffffff] reserved
[    0.000000] NX (Execute Disable) protection: active
[    0.000000] SMBIOS 2.5 present.
[    0.000000] Hypervisor detected: KVM
[    0.000000] e820: last_pfn = 0x7fff0 max_arch_pfn = 0x400000000
[    0.000000] MTRR: Disabled
[    0.000000] x86/PAT: MTRRs disabled, skipping PAT initialization too.
[    0.000000] CPU MTRRs all blank - virtualized system.
[    0.000000] x86/PAT: Configuration [0-7]: WB  WT  UC- UC  WB  WT  UC- UC  
[    0.000000] found SMP MP-table at [mem 0x0009fff0-0x0009ffff] mapped at [ffff88000009fff0]
[    0.000000] Scanning 1 areas for low memory corruption
[    0.000000] RAMDISK: [mem 0x361c2000-0x370d8fff]
[    0.000000] ACPI: Early table checksum verification disabled
[    0.000000] ACPI: RSDP 0x00000000000E0000 000024 (v02 VBOX  )
[    0.000000] ACPI: XSDT 0x000000007FFF0030 00003C (v01 VBOX   VBOXXSDT 00000001 ASL  00000061)
[    0.000000] ACPI: FACP 0x000000007FFF00F0 0000F4 (v04 VBOX   VBOXFACP 00000001 ASL  00000061)
[    0.000000] ACPI: DSDT 0x000000007FFF0480 002325 (v02 VBOX   VBOXBIOS 00000002 INTL 20100528)
[    0.000000] ACPI: FACS 0x000000007FFF0200 000040
[    0.000000] ACPI: FACS 0x000000007FFF0200 000040
[    0.000000] ACPI: APIC 0x000000007FFF0240 00006C (v02 VBOX   VBOXAPIC 00000001 ASL  00000061)
[    0.000000] ACPI: SSDT 0x000000007FFF02B0 0001CC (v01 VBOX   VBOXCPUT 00000002 INTL 20100528)
[    0.000000] No NUMA configuration found
[    0.000000] Faking a node at [mem 0x0000000000000000-0x000000007ffeffff]
[    0.000000] NODE_DATA(0) allocated [mem 0x7ffeb000-0x7ffeffff]
[    0.000000] kvm-clock: Using msrs 4b564d01 and 4b564d00
[    0.000000] kvm-clock: cpu 0, msr 0:7ffe3001, primary cpu clock
[    0.000000] kvm-clock: using sched offset of 4930474775 cycles
[    0.000000] clocksource: kvm-clock: mask: 0xffffffffffffffff max_cycles: 0x1cd42e4dffb, max_idle_ns: 881590591483 ns
[    0.000000] Zone ranges:
[    0.000000]   DMA      [mem 0x0000000000001000-0x0000000000ffffff]
[    0.000000]   DMA32    [mem 0x0000000001000000-0x000000007ffeffff]
[    0.000000]   Normal   empty
[    0.000000]   Device   empty
[    0.000000] Movable zone start for each node
[    0.000000] Early memory node ranges
[    0.000000]   node   0: [mem 0x0000000000001000-0x000000000009efff]
[    0.000000]   node   0: [mem 0x0000000000100000-0x000000007ffeffff]
[    0.000000] Initmem setup node 0 [mem 0x0000000000001000-0x000000007ffeffff]
[    0.000000] ACPI: PM-Timer IO Port: 0x4008
[    0.000000] IOAPIC[0]: apic_id 4, version 32, address 0xfec00000, GSI 0-23
[    0.000000] ACPI: INT_SRC_OVR (bus 0 bus_irq 0 global_irq 2 dfl dfl)
[    0.000000] ACPI: INT_SRC_OVR (bus 0 bus_irq 9 global_irq 9 low level)
[    0.000000] Using ACPI (MADT) for SMP configuration information
[    0.000000] smpboot: Allowing 4 CPUs, 0 hotplug CPUs
[    0.000000] PM: Registered nosave memory: [mem 0x00000000-0x00000fff]
[    0.000000] PM: Registered nosave memory: [mem 0x0009f000-0x0009ffff]
[    0.000000] PM: Registered nosave memory: [mem 0x000a0000-0x000effff]
[    0.000000] PM: Registered nosave memory: [mem 0x000f0000-0x000fffff]
[    0.000000] e820: [mem 0x80000000-0xfebfffff] available for PCI devices
[    0.000000] Booting paravirtualized kernel on KVM
[    0.000000] clocksource: refined-jiffies: mask: 0xffffffff max_cycles: 0xffffffff, max_idle_ns: 7645519600211568 ns
[    0.000000] setup_percpu: NR_CPUS:512 nr_cpumask_bits:512 nr_cpu_ids:4 nr_node_ids:1
[    0.000000] PERCPU: Embedded 33 pages/cpu @ffff88007fc00000 s95448 r8192 d31528 u524288
[    0.000000] Built 1 zonelists in Node order, mobility grouping on.  Total pages: 515960
[    0.000000] Policy zone: DMA32
[    0.000000] Kernel command line: BOOT_IMAGE=/boot/vmlinuz-4.4.0-174-generic root=LABEL=cloudimg-rootfs ro console=tty1 console=ttyS0
[    0.000000] PID hash table entries: 4096 (order: 3, 32768 bytes)
[    0.000000] Memory: 2029028K/2096696K available (8626K kernel code, 1336K rwdata, 4032K rodata, 1488K init, 1292K bss, 67668K reserved, 0K cma-reserved)
[    0.000000] SLUB: HWalign=64, Order=0-3, MinObjects=0, CPUs=4, Nodes=1
[    0.000000] Kernel/User page tables isolation: enabled
[    0.000000] Hierarchical RCU implementation.
[    0.000000] 	Build-time adjustment of leaf fanout to 64.
[    0.000000] 	RCU restricting CPUs from NR_CPUS=512 to nr_cpu_ids=4.
[    0.000000] RCU: Adjusting geometry for rcu_fanout_leaf=64, nr_cpu_ids=4
[    0.000000] NR_IRQS:33024 nr_irqs:456 16
[    0.000000] Console: colour VGA+ 80x25
[    0.000000] console [tty1] enabled
[    0.000000] console [ttyS0] enabled
[    0.000000] tsc: Detected 2904.000 MHz processor
[    0.254532] Calibrating delay loop (skipped) preset value.. 5808.00 BogoMIPS (lpj=11616000)
[    0.289920] pid_max: default: 32768 minimum: 301
[    0.291344] ACPI: Core revision 20150930
[    0.293727] ACPI: 2 ACPI AML tables successfully acquired and loaded
[    0.295481] Security Framework initialized
[    0.296606] Yama: becoming mindful.
[    0.297970] AppArmor: AppArmor initialized
[    0.300691] Dentry cache hash table entries: 262144 (order: 9, 2097152 bytes)
[    0.303646] Inode-cache hash table entries: 131072 (order: 8, 1048576 bytes)
[    0.307400] Mount-cache hash table entries: 4096 (order: 3, 32768 bytes)
[    0.309127] Mountpoint-cache hash table entries: 4096 (order: 3, 32768 bytes)
[    0.311494] Initializing cgroup subsys io
[    0.312664] Initializing cgroup subsys memory
[    0.313839] Initializing cgroup subsys devices
[    0.315098] Initializing cgroup subsys freezer
[    0.316282] Initializing cgroup subsys net_cls
[    0.317422] Initializing cgroup subsys perf_event
[    0.318687] Initializing cgroup subsys net_prio
[    0.319902] Initializing cgroup subsys hugetlb
[    0.321140] Initializing cgroup subsys pids
[    0.323928] mce: CPU supports 0 MCE banks
[    0.325027] Last level iTLB entries: 4KB 64, 2MB 8, 4MB 8
[    0.326458] Last level dTLB entries: 4KB 64, 2MB 0, 4MB 0, 1GB 4
[    0.328526] Spectre V1 : Mitigation: usercopy/swapgs barriers and __user pointer sanitization
[    0.330638] Spectre V2 : Mitigation: Full generic retpoline
[    0.331935] Spectre V2 : Spectre v2 / SpectreRSB mitigation: Filling RSB on context switch
[    0.333983] Speculative Store Bypass: Vulnerable
[    0.335134] MDS: Mitigation: Clear CPU buffers
[    0.338987] Freeing SMP alternatives memory: 36K
[    0.346113] ftrace: allocating 32305 entries in 127 pages
[    0.439700] smpboot: APIC(0) Converting physical 0 to logical package 0
[    0.442006] smpboot: Max logical packages: 1
[    0.443999] x2apic enabled
[    0.445006] Switched APIC routing to physical x2apic.
[    0.447551] ..TIMER: vector=0x30 apic1=0 pin1=2 apic2=-1 pin2=-1
[    0.557848] smpboot: CPU0: Intel(R) Core(TM) i9-8950HK CPU @ 2.90GHz (family: 0x6, model: 0x9e, stepping: 0xa)
[    0.560685] Performance Events: unsupported p6 CPU model 158 no PMU driver, software events only.
[    0.605926] KVM setup paravirtual spinlock
[    0.609543] x86: Booting SMP configuration:
[    0.611173] .... node  #0, CPUs:      #1
[    0.612988] kvm-clock: cpu 1, msr 0:7ffe3041, secondary cpu clock
[    0.615470] mce: CPU supports 0 MCE banks
[    0.618331]  #2
[    0.619444] kvm-clock: cpu 2, msr 0:7ffe3081, secondary cpu clock
[    0.622407] mce: CPU supports 0 MCE banks
[    0.625671]  #3
[    0.626499] kvm-clock: cpu 3, msr 0:7ffe30c1, secondary cpu clock
[    0.629066] mce: CPU supports 0 MCE banks
[    0.631928] x86: Booted up 1 node, 4 CPUs
[    0.633113] smpboot: Total of 4 processors activated (23232.00 BogoMIPS)
[    0.635267] devtmpfs: initialized
[    0.637991] evm: security.selinux
[    0.639250] evm: security.SMACK64
[    0.640195] evm: security.SMACK64EXEC
[    0.641441] evm: security.SMACK64TRANSMUTE
[    0.642913] evm: security.SMACK64MMAP
[    0.643845] evm: security.ima
[    0.644662] evm: security.capability
[    0.645838] clocksource: jiffies: mask: 0xffffffff max_cycles: 0xffffffff, max_idle_ns: 7645041785100000 ns
[    0.648251] futex hash table entries: 1024 (order: 4, 65536 bytes)
[    0.649891] pinctrl core: initialized pinctrl subsystem
[    0.651245] RTC time: 10:06:19, date: 02/28/20
[    0.652714] NET: Registered protocol family 16
[    0.665960] cpuidle: using governor ladder
[    0.678321] cpuidle: using governor menu
[    0.679700] PCCT header not found.
[    0.681006] ACPI: bus type PCI registered
[    0.682871] acpiphp: ACPI Hot Plug PCI Controller Driver version: 0.5
[    0.684902] PCI: Using configuration type 1 for base access
[    0.699354] ACPI: Added _OSI(Module Device)
[    0.700750] ACPI: Added _OSI(Processor Device)
[    0.702228] ACPI: Added _OSI(3.0 _SCP Extensions)
[    0.703663] ACPI: Added _OSI(Processor Aggregator Device)
[    0.706451] ACPI: Executed 1 blocks of module-level executable AML code
[    0.710899] ACPI: Interpreter enabled
[    0.711983] ACPI: (supports S0 S5)
[    0.713003] ACPI: Using IOAPIC for interrupt routing
[    0.714567] PCI: Using host bridge windows from ACPI; if necessary, use "pci=nocrs" and report a bug
[    0.722251] ACPI: PCI Root Bridge [PCI0] (domain 0000 [bus 00-ff])
[    0.724474] acpi PNP0A03:00: _OSC: OS supports [ASPM ClockPM Segments MSI]
[    0.726867] acpi PNP0A03:00: _OSC: not requesting OS control; OS requires [ExtendedConfig ASPM ClockPM MSI]
[    0.729919] acpi PNP0A03:00: fail to add MMCONFIG information, can't access extended PCI configuration space under this bridge.
[    0.733410] PCI host bridge to bus 0000:00
[    0.734850] pci_bus 0000:00: root bus resource [io  0x0000-0x0cf7 window]
[    0.736617] pci_bus 0000:00: root bus resource [io  0x0d00-0xffff window]
[    0.738664] pci_bus 0000:00: root bus resource [mem 0x000a0000-0x000bffff window]
[    0.740604] pci_bus 0000:00: root bus resource [mem 0x80000000-0xfdffffff window]
[    0.742569] pci_bus 0000:00: root bus resource [bus 00-ff]
[    0.747911] pci 0000:00:01.1: legacy IDE quirk: reg 0x10: [io  0x01f0-0x01f7]
[    0.749769] pci 0000:00:01.1: legacy IDE quirk: reg 0x14: [io  0x03f6]
[    0.752124] pci 0000:00:01.1: legacy IDE quirk: reg 0x18: [io  0x0170-0x0177]
[    0.754744] pci 0000:00:01.1: legacy IDE quirk: reg 0x1c: [io  0x0376]
[    0.816229] pci 0000:00:07.0: quirk: [io  0x4000-0x403f] claimed by PIIX4 ACPI
[    0.819382] pci 0000:00:07.0: quirk: [io  0x4100-0x410f] claimed by PIIX4 SMB
[    0.838775] ACPI: PCI Interrupt Link [LNKA] (IRQs 5 9 10 *11)
[    0.841602] ACPI: PCI Interrupt Link [LNKB] (IRQs 5 9 *10 11)
[    0.844297] ACPI: PCI Interrupt Link [LNKC] (IRQs 5 *9 10 11)
[    0.847450] ACPI: PCI Interrupt Link [LNKD] (IRQs 5 9 10 *11)
[    0.849832] ACPI: Enabled 2 GPEs in block 00 to 07
[    0.851754] vgaarb: setting as boot device: PCI:0000:00:02.0
[    0.854180] vgaarb: device added: PCI:0000:00:02.0,decodes=io+mem,owns=io+mem,locks=none
[    0.856690] vgaarb: loaded
[    0.857939] vgaarb: bridge control possible 0000:00:02.0
[    0.859707] SCSI subsystem initialized
[    0.862605] ACPI: bus type USB registered
[    0.863808] usbcore: registered new interface driver usbfs
[    0.865250] usbcore: registered new interface driver hub
[    0.866774] usbcore: registered new device driver usb
[    0.869017] PCI: Using ACPI for IRQ routing
[    0.871204] NetLabel: Initializing
[    0.872713] NetLabel:  domain hash size = 128
[    0.874242] NetLabel:  protocols = UNLABELED CIPSOv4
[    0.876056] NetLabel:  unlabeled traffic allowed by default
[    0.878386] amd_nb: Cannot enumerate AMD northbridges
[    0.880182] clocksource: Switched to clocksource kvm-clock
[    0.913708] AppArmor: AppArmor Filesystem Enabled
[    0.915057] pnp: PnP ACPI init
[    0.917344] pnp: PnP ACPI: found 3 devices
[    0.933758] clocksource: acpi_pm: mask: 0xffffff max_cycles: 0xffffff, max_idle_ns: 2085701024 ns
[    0.936642] NET: Registered protocol family 2
[    0.938158] TCP established hash table entries: 16384 (order: 5, 131072 bytes)
[    0.940164] TCP bind hash table entries: 16384 (order: 6, 262144 bytes)
[    0.941811] TCP: Hash tables configured (established 16384 bind 16384)
[    0.943440] UDP hash table entries: 1024 (order: 3, 32768 bytes)
[    0.945146] UDP-Lite hash table entries: 1024 (order: 3, 32768 bytes)
[    0.946637] NET: Registered protocol family 1
[    0.947702] pci 0000:00:00.0: Limiting direct PCI/PCI transfers
[    0.949149] pci 0000:00:01.0: Activating ISA DMA hang workarounds
[    0.950710] Unpacking initramfs...
[    1.311944] Freeing initrd memory: 15452K
[    1.313738] clocksource: tsc: mask: 0xffffffffffffffff max_cycles: 0x29dc05e54fc, max_idle_ns: 440795291716 ns
[    1.316539] platform rtc_cmos: registered platform RTC device (no PNP device found)
[    1.320524] Scanning for low memory corruption every 60 seconds
[    1.323975] audit: initializing netlink subsys (disabled)
[    1.326134] audit: type=2000 audit(1582884386.002:1): initialized
[    1.328557] Initialise system trusted keyring
[    1.330217] HugeTLB registered 2 MB page size, pre-allocated 0 pages
[    1.333360] zbud: loaded
[    1.334591] VFS: Disk quotas dquot_6.6.0
[    1.336024] VFS: Dquot-cache hash table entries: 512 (order 0, 4096 bytes)
[    1.338428] squashfs: version 4.0 (2009/01/31) Phillip Lougher
[    1.340726] fuse init (API version 7.23)
[    1.342635] Key type big_key registered
[    1.344587] Allocating IMA MOK and blacklist keyrings.
[    1.348604] Key type asymmetric registered
[    1.367537] Asymmetric key parser 'x509' registered
[    1.369886] Block layer SCSI generic (bsg) driver version 0.4 loaded (major 249)
[    1.372879] io scheduler noop registered
[    1.374032] io scheduler deadline registered (default)
[    1.375537] io scheduler cfq registered
[    1.377049] pci_hotplug: PCI Hot Plug PCI Core version: 0.5
[    1.378609] pciehp: PCI Express Hot Plug Controller Driver version: 0.4
[    1.381078] ACPI: AC Adapter [AC] (off-line)
[    1.382482] input: Power Button as /devices/LNXSYSTM:00/LNXPWRBN:00/input/input0
[    1.385044] ACPI: Power Button [PWRF]
[    1.386795] input: Sleep Button as /devices/LNXSYSTM:00/LNXSLPBN:00/input/input1
[    1.389739] ACPI: Sleep Button [SLPF]
[    1.391651] GHES: HEST is not enabled!
[    1.393631] ACPI: Battery Slot [BAT0] (battery present)
[    1.395822] Serial: 8250/16550 driver, 32 ports, IRQ sharing enabled
[    1.419316] 00:02: ttyS0 at I/O 0x3f8 (irq = 4, base_baud = 115200) is a 16550A
[    1.426164] Linux agpgart interface v0.103
[    1.429996] loop: module loaded
[    1.431579] scsi host0: ata_piix
[    1.433029] scsi host1: ata_piix
[    1.433964] ata1: PATA max UDMA/33 cmd 0x1f0 ctl 0x3f6 bmdma 0xd000 irq 14
[    1.435698] ata2: PATA max UDMA/33 cmd 0x170 ctl 0x376 bmdma 0xd008 irq 15
[    1.437813] libphy: Fixed MDIO Bus: probed
[    1.438986] tun: Universal TUN/TAP device driver, 1.6
[    1.468433] tun: (C) 1999-2004 Max Krasnyansky <maxk@qualcomm.com>
[    1.470946] PPP generic driver version 2.4.2
[    1.472622] ehci_hcd: USB 2.0 'Enhanced' Host Controller (EHCI) Driver
[    1.474635] ehci-pci: EHCI PCI platform driver
[    1.476467] ehci-platform: EHCI generic platform driver
[    1.478302] ohci_hcd: USB 1.1 'Open' Host Controller (OHCI) Driver
[    1.479866] ohci-pci: OHCI PCI platform driver
[    1.481418] ohci-platform: OHCI generic platform driver
[    1.482933] uhci_hcd: USB Universal Host Controller Interface driver
[    1.484745] i8042: PNP: PS/2 Controller [PNP0303:PS2K,PNP0f03:PS2M] at 0x60,0x64 irq 1,12
[    1.488464] serio: i8042 KBD port at 0x60,0x64 irq 1
[    1.490071] serio: i8042 AUX port at 0x60,0x64 irq 12
[    1.491896] mousedev: PS/2 mouse device common for all mice
[    1.494437] rtc_cmos rtc_cmos: rtc core: registered rtc_cmos as rtc0
[    1.496146] input: AT Translated Set 2 keyboard as /devices/platform/i8042/serio0/input/input2
[    1.498782] rtc_cmos rtc_cmos: alarms up to one day, 114 bytes nvram
[    1.500751] i2c /dev entries driver
[    1.502200] device-mapper: uevent: version 1.0.3
[    1.503888] device-mapper: ioctl: 4.34.0-ioctl (2015-10-28) initialised: dm-devel@redhat.com
[    1.506131] ledtrig-cpu: registered to indicate activity on CPUs
[    1.508460] NET: Registered protocol family 10
[    1.510064] NET: Registered protocol family 17
[    1.511421] Key type dns_resolver registered
[    1.513160] registered taskstats version 1
[    1.514206] Loading compiled-in X.509 certificates
[    1.515885] Loaded X.509 cert 'Build time autogenerated kernel key: 2501974cc66248a18f8fa54aaac948a5171f77fb'
[    1.519043] zswap: loaded using pool lzo/zbud
[    1.522830] Key type trusted registered
[    1.527329] Key type encrypted registered
[    1.528682] AppArmor: AppArmor sha1 policy hashing enabled
[    1.530305] ima: No TPM chip found, activating TPM-bypass!
[    1.531559] ima: Allocated hash algorithm: sha1
[    1.532858] evm: HMAC attrs: 0x1
[    1.534569]   Magic number: 8:204:124
[    1.535744] rtc_cmos rtc_cmos: setting system clock to 2020-02-28 10:06:20 UTC (1582884380)
[    1.539082] BIOS EDD facility v0.16 2004-Jun-25, 0 devices found
[    1.540956] EDD information not available.
[    1.974407] Freeing unused kernel memory: 1488K
[    1.975997] Write protecting the kernel read-only data: 14336k
[    1.978372] Freeing unused kernel memory: 1604K
[    1.979792] Freeing unused kernel memory: 64K
Loading, please wait...
starting version 229
[    1.995880] random: systemd-udevd: uninitialized urandom read (16 bytes read, 3 bits of entropy available)
[    1.996786] random: udevadm: uninitialized urandom read (16 bytes read, 3 bits of entropy available)
[    1.996802] random: udevadm: uninitialized urandom read (16 bytes read, 3 bits of entropy available)
[    2.005551] random: udevadm: uninitialized urandom read (16 bytes read, 3 bits of entropy available)
[    2.005594] random: udevadm: uninitialized urandom read (16 bytes read, 3 bits of entropy available)
[    2.005802] random: udevadm: uninitialized urandom read (16 bytes read, 3 bits of entropy available)
[    2.005844] random: udevadm: uninitialized urandom read (16 bytes read, 3 bits of entropy available)
[    2.005884] random: udevadm: uninitialized urandom read (16 bytes read, 3 bits of entropy available)
[    2.005923] random: udevadm: uninitialized urandom read (16 bytes read, 3 bits of entropy available)
[    2.005962] random: udevadm: uninitialized urandom read (16 bytes read, 3 bits of entropy available)
[    2.063227] e1000: Intel(R) PRO/1000 Network Driver - version 7.3.21-k8-NAPI
[    2.065643] e1000: Copyright (c) 1999-2006 Intel Corporation.
[    2.068519] Fusion MPT base driver 3.04.20
[    2.070225] Copyright (c) 1999-2008 LSI Corporation
[    2.078998] Fusion MPT SPI Host driver 3.04.20
[    2.095449] AVX2 version of gcm_enc/dec engaged.
[    2.097241] AES CTR mode by8 optimization enabled
[    2.101659] [drm] Initialized drm 1.1.0 20060810
[    2.120181] vboxvideo: loading out-of-tree module taints kernel.
[    2.122662] vboxvideo: module verification failed: signature and/or required key missing - tainting kernel
[    2.290222] input: ImExPS/2 Generic Explorer Mouse as /devices/platform/i8042/serio1/input/input4
[    2.658520] e1000 0000:00:03.0 eth0: (PCI:33MHz:32-bit) 02:9d:64:b1:e9:53
[    2.661090] e1000 0000:00:03.0 eth0: Intel(R) PRO/1000 Network Connection
[    2.664225] mptbase: ioc0: Initiating bringup
[    2.728949] ioc0: LSI53C1030 A0: Capabilities={Initiator}
[    2.891209] scsi host2: ioc0: LSI53C1030 A0, FwRev=00000000h, Ports=1, MaxQ=256, IRQ=20
[    3.006166] scsi 2:0:0:0: Direct-Access     VBOX     HARDDISK         1.0  PQ: 0 ANSI: 5
[    3.006351] [drm] VRAM 01000000
[    3.006643] [TTM] Zone  kernel: Available graphics memory: 1023836 kiB
[    3.006644] [TTM] Initializing pool allocator
[    3.006647] [TTM] Initializing DMA pool allocator
[    3.015625] scsi target2:0:0: Beginning Domain Validation
[    3.015653] fbcon: vboxdrmfb (fb0) is primary device
[    3.017049] scsi target2:0:0: Domain Validation skipping write tests
[    3.017050] scsi target2:0:0: Ending Domain Validation
[    3.017099] scsi target2:0:0: asynchronous
[    3.017606] scsi 2:0:1:0: Direct-Access     VBOX     HARDDISK         1.0  PQ: 0 ANSI: 5
[    3.017610] scsi target2:0:1: Beginning Domain Validation
[    3.018900] scsi target2:0:1: Domain Validation skipping write tests
[    3.018901] scsi target2:0:1: Ending Domain Validation
[    3.018961] scsi target2:0:1: asynchronous
[    3.024318] Console: switching to colour frame buffer device 100x37
[    3.026556] sd 2:0:0:0: Attached scsi generic sg0 type 0
[    3.026897] sd 2:0:1:0: Attached scsi generic sg1 type 0
[    3.029112] sd 2:0:0:0: [sda] 20971520 512-byte logical blocks: (10.7 GB/10.0 GiB)
[    3.029144] sd 2:0:1:0: [sdb] 20480 512-byte logical blocks: (10.5 MB/10.0 MiB)
[    3.033285] sd 2:0:0:0: [sda] Write Protect is off
[    3.033290] sd 2:0:1:0: [sdb] Write Protect is off
[    3.035858] sd 2:0:1:0: [sdb] Incomplete mode parameter data
[    3.035860] sd 2:0:1:0: [sdb] Assuming drive cache: write through
[    3.035875] sd 2:0:0:0: [sda] Incomplete mode parameter data
[    3.035876] sd 2:0:0:0: [sda] Assuming drive cache: write through
[    3.050831]  sda: sda1
[    3.055593] vboxvideo 0000:00:02.0: fb0: vboxdrmfb frame buffer device
[    3.057932] sd 2:0:0:0: [sda] Attached SCSI disk
[    3.058211] sd 2:0:1:0: [sdb] Attached SCSI disk
[    3.072302] [drm] Initialized vboxvideo 1.0.0 20130823 for 0000:00:02.0 on minor 0
[    3.613649] e1000 0000:00:08.0 eth1: (PCI:33MHz:32-bit) 08:00:27:59:c0:31
[    3.615724] e1000 0000:00:08.0 eth1: Intel(R) PRO/1000 Network Connection
[    3.618372] e1000 0000:00:03.0 enp0s3: renamed from eth0
[    3.636539] e1000 0000:00:08.0 enp0s8: renamed from eth1
Begin: Loading essential drivers ... [    3.706797] md: linear personality registered for level -1
[    3.711349] md: multipath personality registered for level -4
[    3.715239] md: raid0 personality registered for level 0
[    3.721890] md: raid1 personality registered for level 1
[    3.817633] raid6: sse2x1   gen() 11938 MB/s
[    3.884463] raid6: sse2x1   xor()  8323 MB/s
[    3.984813] raid6: sse2x2   gen() 12661 MB/s
[    4.052509] raid6: sse2x2   xor()  4408 MB/s
[    4.129513] raid6: sse2x4   gen() 10383 MB/s
[    4.196223] raid6: sse2x4   xor()  9739 MB/s
[    4.264402] raid6: avx2x1   gen()  9569 MB/s
[    4.335028] raid6: avx2x2   gen() 14674 MB/s
[    4.404294] raid6: avx2x4   gen() 30113 MB/s
[    4.405657] raid6: using algorithm avx2x4 gen() 30113 MB/s
[    4.440741] raid6: using avx2x2 recovery algorithm
[    4.444334] xor: automatically using best checksumming function:
[    4.484250]    avx       : 24659.000 MB/sec
[    4.487052] async_tx: api initialized (async)
[    4.500037] md: raid6 personality registered for level 6
[    4.501520] md: raid5 personality registered for level 5
[    4.502786] md: raid4 personality registered for level 4
[    4.511361] md: raid10 personality registered for level 10
done.
Begin: Running /scripts/init-premount ... done.
Begin: Mounting root file system ... Begin: Running /scripts/local-top ... done.
Begin: Running /scripts/local-premount ... [    4.541015] Btrfs loaded
Scanning for Btrfs filesystems
done.
Warning: fsck not present, so skipping root file system
[    4.567372] EXT4-fs (sda1): mounted filesystem with ordered data mode. Opts: (null)
done.
Begin: Running /scripts/local-bottom ... done.
Begin: Running /scripts/init-bottom ... done.
[    4.667937] systemd[1]: systemd 229 running in system mode. (+PAM +AUDIT +SELINUX +IMA +APPARMOR +SMACK +SYSVINIT +UTMP +LIBCRYPTSETUP +GCRYPT +GNUTLS +ACL +XZ -LZ4 +SECCOMP +BLKID +ELFUTILS +KMOD -IDN)
[    4.671964] systemd[1]: Detected virtualization oracle.
[    4.672984] systemd[1]: Detected architecture x86-64.

Welcome to [1mUbuntu 16.04.6 LTS[0m!

[    4.677723] systemd[1]: Set hostname to <ubuntu-xenial>.
[    5.009008] systemd[1]: Listening on LVM2 metadata daemon socket.
[[0;32m  OK  [0m] Listening on LVM2 metadata daemon socket.
[    5.060446] systemd[1]: Listening on udev Kernel Socket.
[[0;32m  OK  [0m] Listening on udev Kernel Socket.
[    5.063111] systemd[1]: Listening on Device-mapper event daemon FIFOs.
[[0;32m  OK  [0m] Listening on Device-mapper event daemon FIFOs.
[    5.065533] systemd[1]: Created slice System Slice.
[[0;32m  OK  [0m] Created slice System Slice.
[    5.067264] systemd[1]: Started Trigger resolvconf update for networkd DNS.
[[0;32m  OK  [0m] Started Trigger resolvconf update for networkd DNS.
[    5.070688] systemd[1]: Reached target System Time Synchronized.
[[0;32m  OK  [0m] Reached target System Time Synchronized.
[    5.072949] systemd[1]: Listening on Journal Socket.
[[0;32m  OK  [0m] Listening on Journal Socket.
[    5.200433] systemd[1]: Starting Nameserver information manager...
         Starting Nameserver information manager...
[    5.205094] systemd[1]: Starting Uncomplicated firewall...
         Starting Uncomplicated firewall...
[    5.209350] systemd[1]: Starting Create list of required static device nodes for the current kernel...
         Starting Create list of required st... nodes for the current kernel...
[    5.213750] systemd[1]: Mounting Huge Pages File System...
         Mounting Huge Pages File System...
[    5.216896] systemd[1]: Starting Remount Root and Kernel File Systems...
         Starting Remount Root and Kernel File Systems...
[    5.220702] systemd[1]: Listening on Journal Socket (/dev/log).
[    5.222641] EXT4-fs (sda1): re-mounted. Opts: (null)
[[0;32m  OK  [0m] Listening on Journal Socket (/dev/log).
[    5.225055] systemd[1]: Listening on Journal Audit Socket.
[[0;32m  OK  [0m] Listening on Journal Audit Socket.
[    5.228094] systemd[1]: Created slice system-serial\x2dgetty.slice.
[[0;32m  OK  [0m] Created slice system-serial\x2dgetty.slice.
[    5.232977] systemd[1]: Reached target Swap.
[[0;32m  OK  [0m] Reached target Swap.
[    5.234995] systemd[1]: Reached target Encrypted Volumes.
[[0;32m  OK  [0m] Reached target Encrypted Volumes.
[    5.902130] systemd[1]: Mounting Debug File System...
         Mounting Debug File System...
[    5.905070] systemd[1]: Started Forward Password Requests to Wall Directory Watch.
[[0;32m  OK  [0m] Started Forward Password Requests to Wall Directory Watch.
[    5.920630] systemd[1]: Listening on Syslog Socket.
[[0;32m  OK  [0m] Listening on Syslog Socket.
[    5.934502] systemd[1]: Starting Journal Service...
         Starting Journal Service...
[    5.948566] systemd[1]: Listening on udev Control Socket.
[[0;32m  OK  [0m] Listening on udev Control Socket.
[    5.956597] systemd[1]: Listening on /dev/initctl Compatibility Named Pipe.
[[0;32m  OK  [0m] Listening on /dev/initctl Compatibility Named Pipe.
[    6.076607] systemd[1]: Starting Monitoring of LVM2 mirrors, snapshots etc. using dmeventd or progress polling...
         Starting Monitoring of LVM2 mirrors... dmeventd or progress polling...
[    6.095266] systemd[1]: Mounting POSIX Message Queue File System...
         Mounting POSIX Message Queue File System...
[    6.104047] systemd[1]: Starting Set console keymap...
         Starting Set console keymap...
[    6.118365] systemd[1]: Reached target User and Group Name Lookups.
[[0;32m  OK  [0m] Reached target User and Group Name Lookups.
[    6.137025] systemd[1]: Starting Load Kernel Modules...
         Starting Load Kernel Modules...
[    6.144447] systemd[1]: Listening on LVM2 poll daemon socket.
[[0;32m  OK  [0[    6.146137] Loading iSCSI transport class v2.0-870.
m] Listening on LVM2 poll daemon socket.
[    6.148152] systemd[1]: Created slice User and Session Slice.
[[0;32m  OK  [0m] Created slice User and Session Slice.
[    6.155427] iscsi: registered transport (tcp)
[    6.157986] systemd[1]: Reached target Slices.
[[0;32m  OK  [0m] Reached target Slices.
[    6.161547] systemd[1]: Set up automount Arbitrary Executable File Formats File System Automount Point.
[[0;32m  OK  [0m] Set up automount Arbitrary Executab...ats File System Automount Point.
[    6.186079] systemd[1]: Mounted Debug File System.
[[0;32m  OK  [0m] Mounted Debug File System.
[    6.198872] systemd[1]: Mounted Huge Pages File System.
[[0;32m  OK  [0m] Mounted Huge Pages File System.
[    6.203032] systemd[1]: Mounted POSIX Message Queue File System.
[[0;32m  OK  [0m] Mounted POSIX Message Queue File System.
[    6.208595] systemd[1]: Started Journal Service.
[[0;32m  OK  [0m] Started Journal Service.
[[0;32m  OK  [0m] Started Uncomplicated firewall.
[    6.223571] iscsi: registered transport (iser)
[[0;32m  OK  [0m] Started Create list of required sta...ce nodes for the current kernel.
[[0;32m  OK  [0m] Started Remount Root and Kernel File Systems.
[[0;32m  OK  [0m] Started Set console keymap.
[[0;32m  OK  [0m] Started Load Kernel Modules.
[[0;32m  OK  [0m] Started Nameserver information manager.
[[0;32m  OK  [0m] Started LVM2 metadata daemon.
         Starting Apply Kernel Variables...
         Mounting FUSE Control File System...
         Starting udev Coldplug all Devices...
         Starting Load/Save Random Seed...
[    6.278528] random: nonblocking pool is initialized
         Starting Create Static Device Nodes in /dev...
         Starting Flush Journal to Persistent Storage...
[[0;32m  OK  [0m] Mounted FUSE Control File System.
[[0;32m  OK  [0m] Started Apply Kernel Variables.
[[0;32m  OK  [0m] Started Load/Save Random Seed.
[[0;32m  OK  [0m] Started Flush Journal to Persistent Storage.
[[0;32m  OK  [0m] Started Create Static Device Nodes in /dev.
         Starting udev Kernel Device Manager...
[[0;32m  OK  [0m] Started udev Coldplug all Devices.
[[0;32m  OK  [0m] Started udev Kernel Device Manager.
[[0;32m  OK  [0m] Started Dispatch Password Requests to Console Directory Watch.
[[0;32m  OK  [0m] Started Monitoring of LVM2 mirrors,...ng dmeventd or progress polling.
[[0;32m  OK  [0m] Reached target Local File Systems (Pre).
[[0;32m  OK  [0m] Reached target Local File Systems.
         Starting Set console font and keymap...
         Starting Tell Plymouth To Write Out Runtime Data...
         Starting Initial cloud-init job (pre-networking)...
         Starting Create Volatile Files and Directories...
         Starting LSB: AppArmor initialization...
[[0;32m  OK  [0m] Started Tell Plymouth To Write Out Runtime Data.
[[0;32m  OK  [0m] Found device /dev/ttyS0.
[[0;32m  OK  [0m] Started Create Volatile Files and Directories.
[[0;32m  OK  [0m] Found device 82540EM Gigabit Ethern...r (PRO/1000 MT Desktop Adapter).
[[0;32m  OK  [0m] Listening on Load/Save RF Kill Switch Status /dev/rfkill Watch.
         Starting Update UTMP about System Boot/Shutdown...
[[0;32m  OK  [0m] Started Update UTMP about System Boot/Shutdown.
[[0;32m  OK  [0m] Found device 82540EM Gigabit Ethern...r (PRO/1000 MT Desktop Adapter).
[[0;32m  OK  [0m] Started Set console font and keymap.
[[0;32m  OK  [0m] Created slice system-getty.slice.
[[0;32m  OK  [0m] Started LSB: AppArmor initialization.
[    7.259376] cloud-init[554]: Cloud-init v. 19.4-33-gbb4131a2-0ubuntu1~16.04.1 running 'init-local' at Fri, 28 Feb 2020 10:06:26 +0000. Up 6.98 seconds.
[[0;32m  OK  [0m] Started Initial cloud-init job (pre-networking).
[[0;32m  OK  [0m] Reached target Network (Pre).
[[0;32m  OK  [0m] Started ifup for enp0s3.
[[0;32m  OK  [0m] Started ifup for enp0s8.
         Starting Raise network interfaces...
[[0;32m  OK  [0m] Started Raise network interfaces.
         Starting Initial cloud-init job (metadata service crawler)...
[[0;32m  OK  [0m] Reached target Network.
[    8.290341] cloud-init[1104]: Cloud-init v. 19.4-33-gbb4131a2-0ubuntu1~16.04.1 running 'init' at Fri, 28 Feb 2020 10:06:27 +0000. Up 8.00 seconds.
[    8.291880] cloud-init[1104]: ci-info: ++++++++++++++++++++++++++++++++++++++Net device info+++++++++++++++++++++++++++++++++++++++
[    8.304586] cloud-init[1104]: ci-info: +--------+------+-----------------------------+---------------+--------+-------------------+
[    8.306536] cloud-init[1104]: ci-info: | Device |  Up  |           Address           |      Mask     | Scope  |     Hw-Address    |
[    8.309062] cloud-init[1104]: ci-info: +--------+------+-----------------------------+---------------+--------+-------------------+
[    8.311982] cloud-init[1104]: ci-info: | enp0s3 | True |          10.0.2.15          | 255.255.255.0 | global | 02:9d:64:b1:e9:53 |
[    8.314034] cloud-init[1104]: ci-info: | enp0s3 | True |  fe80::9d:64ff:feb1:e953/64 |       .       |  link  | 02:9d:64:b1:e9:53 |
[    8.316389] cloud-init[1104]: ci-info: | enp0s8 | True |        192.168.33.10        | 255.255.255.0 | global | 08:00:27:59:c0:31 |
[    8.318200] cloud-init[1104]: ci-info: | enp0s8 | True | fe80::a00:27ff:fe59:c031/64 |       .       |  link  | 08:00:27:59:c0:31 |
[    8.329001] [[0;32m  OK  [0m] Started Initial cloud-init job (metadata service crawler).
cloud-init[1104]: ci-info: |   lo   | True |          127.0.0.1          |   255.0.0.0   |  host  |         .         |
[    8.336497] cloud-init[[1104]: [0;32m  OK  [0mci-info: |   lo   | True |           ::1/128           |       .       |  host  |         .         |] 
Reached target Network is Online.
[    8.337498] cloud-init[1104]: ci-info: +--------+------+-----------------------------+---------------+--------+-------------------+
[    8.533235] cloud-init[1104]: ci-info: ++++++++++++++++++++++++++++Route IPv4 info++++++++++++++++++++++++++++
[    8.535606] cloud-init[1104]: ci-info: +-------+--------------+----------+---------------+-----------+-------+
[    8.538203] cloud-init[1104]: ci-info: | Route | Destination  | Gateway  |    Genmask    | Interface | Flags |
[    8.540970] cloud-init[1104]: ci-info: +-------+--------------+----------+---------------+-----------+-------+
[    8.543536] cloud-init[1104]: ci-info: |   0   |   0.0.0.0    | 10.0.2.2 |    0.0.0.0    |   enp0s3  |   UG  |
[    8.643949] cloud-init[1104]: ci-info: |   1   |   10.0.2.0   | 0.0.0.0  | 255.255.255.0 |   enp0s3  |   U   |
[    8.652723] cloud-init[1104]:          ci-info: |   2   | 192.168.33.0 | 0.0.0.0  | 255.255.255.0 |   enp0s8  |   U   |Starting iSCSI initiator daemon (iscsid)...

[[    8.653094] [0;32m  OK  [0mcloud-init] [1104]: Reached target System Initialization.ci-info: +-------+--------------+----------+---------------+-----------+-------+

[    8.664867]          cloud-initStarting LXD - unix socket.[1104]: 
ci-info: +++++++++++++++++++Route IPv6 info+++++++++++++++++++
[    8.666868] cloud-init[1104]: ci-info: +-------+-------------+---------+-----------+-------+[
[0;32m  OK  [0m] Listening on ACPID Listen Socket.
[    8.667357] cloud-init[1104]: ci-info: | Route | Destination | Gateway | Interface | Flags |
[    8.676875] [cloud-init[0;32m  OK  [0m[1104]: ] ci-info: +-------+-------------+---------+-----------+-------+Started ACPI Events Check.

[[    8.677213] [0;32m  OK  [0mcloud-init] [1104]: Reached target Paths.ci-info: |   0   |  fe80::/64  |    ::   |   enp0s8  |   U   |

[    8.681640] cloud-init[1104]: ci-info: |   1   |  fe80::/64  |    ::   |   enp0s3  |   U   |
[    8.683042] [cloud-init[0;32m  OK  [0m[1104]: ] ci-info: |   4   |   ff00::/8  |    ::   |   enp0s8  |   U   |Started Message of the Day.

[[    8.683324] [0;32m  OK  [0mcloud-init] [1104]: Started Daily Cleanup of Temporary Directories.ci-info: |   5   |   ff00::/8  |    ::   |   enp0s3  |   U   |

[    8.740792] [cloud-init[0;32m  OK  [0m[1104]: ] ci-info: +-------+-------------+---------+-----------+-------+Started Daily apt download activities.

[[0;32m  OK  [0m] Listening on D-Bus System Message Bus Socket.
[[0;32m  OK  [0m] Listening on UUID daemon activation socket.
[[0;32m  OK  [0m] Started Daily apt upgrade and clean activities.
[[0;32m  OK  [0m] Reached target Timers.
         Starting Socket activation for snappy daemon.
[[0;32m  OK  [0m] Reached target Cloud-config availability.
[[0;32m  OK  [0m] Listening on LXD - unix socket.
[[0;32m  OK  [0m] Listening on Socket activation for snappy daemon.
[[0;32m  OK  [0m] Reached target Sockets.
[[0;32m  OK  [0m] Reached target Basic System.
         Starting Accounts Service...
         Starting Login Service...
         Starting System Logging Service...
         Starting vboxadd.service...
[[0;32m  OK  [0m] Started FUSE filesystem for LXC.
         Starting LSB: MD monitoring daemon...
[[0;32m  OK  [0m] Started Regular background program processing daemon.
         Starting /etc/rc.local Compatibility...
         Starting LSB: Record successful boot for GRUB...
[[0;32m  OK  [0m] Started D-Bus System Message Bus.
         Starting Snappy daemon...
[[0;32m  OK  [0m] Started ACPI event daemon.
         Starting OpenBSD Secure Shell server...
[[0;32m  OK  [0m] Started Deferred execution scheduler.
         Starting MySQL Community Server...
         Starting LXD - container startup/shutdown...
[[0;32m  OK  [0m] Started System Logging Service.
[[0;32m  OK  [0m] Started iSCSI initiator daemon (iscsid).
[[0;32m  OK  [0m] Started /etc/rc.local Compatibility.
[[0;32m  OK  [0m] Started Login Service.
[[0;32m  OK  [0m] Started Unattended Upgrades Shutdown.
         Starting Authenticate and Authorize Users to Run Privileged Tasks...
         Starting Login to default iSCSI targets...
[[0;32m  OK  [0m] Started LSB: MD monitoring daemon.
[[0;32m  OK  [0m] Started LSB: Record successful boot for GRUB.
[[0;32m  OK  [0m] Started OpenBSD Secure Shell server.
[[0;32m  OK  [0m] Started Login to default iSCSI targets.
[[0;32m  OK  [0m] Reached target Remote File Systems (Pre).
[[0;32m  OK  [0m] Reached target Remote File Systems.
         Starting LSB: daemon to balance interrupts for SMP systems...
         Starting LSB: automatic crash report generation...
         Starting LSB: Set the CPU Frequency Scaling governor to "ondemand"...
         Starting Permit User Sessions...
[[0;32m  OK  [0m] Started Authenticate and Authorize Users to Run Privileged Tasks.
[[0;32m  OK  [0m] Started Permit User Sessions.
[[0;32m  OK  [0m] Started Accounts Service.
         Starting Terminate Plymouth Boot Screen...
         Starting Hold until boot process finishes up...
[[0;32m  OK  [0m] Started LSB: daemon to balance interrupts for SMP systems.
[[0;32m  OK  [0m] Started LSB: automatic crash report generation.
[[0;32m  OK  [0m] Started LXD - container startup/shutdown.
[[0;32m  OK  [0m] Started LSB: Set the CPU Frequency Scaling governor to "ondemand".
[[0;32m  OK  [0m] Started Terminate Plymouth Boot Screen.
[[0;32m  OK  [0m] Started Hold until boot process finishes up.
[[0;32m  OK  [0m] Started Serial Getty on ttyS0.
[[0;32m  OK  [0m] Started Getty on tty1.
[[0;32m  OK  [0m] Reached target Login Prompts.
         Starting Set console scheme...
[[0;32m  OK  [0m] Started Set console scheme.
[[0;32m  OK  [0m] Started Snappy daemon.
         Starting Wait until snapd is fully seeded...
[[0;32m  OK  [0m] Started Wait until snapd is fully seeded.
         Starting Apply the settings specified in cloud-config...
[    9.972117] cloud-init[1371]: Cloud-init v. 19.4-33-gbb4131a2-0ubuntu1~16.04.1 running 'modules:config' at Fri, 28 Feb 2020 10:06:29 +0000. Up 9.86 seconds.
[[0;32m  OK  [0m] Started Apply the settings specified in cloud-config.
[[0;32m  OK  [0m] Started vboxadd.service.
         Starting vboxadd-service.service...
[[0;32m  OK  [0m] Started vboxadd-service.service.
[[0;32m  OK  [0m] Started MySQL Community Server.
[[0;32m  OK  [0m] Reached target Multi-User System.
[[0;32m  OK  [0m] Reached target Graphical Interface.
         Starting Execute cloud user/final scripts...
         Starting Update UTMP about System Runlevel Changes...
[[0;32m  OK  [0m] Started Update UTMP about System Runlevel Changes.
[   10.586638] cloud-init[1484]: Cloud-init v. 19.4-33-gbb4131a2-0ubuntu1~16.04.1 running 'modules:final' at Fri, 28 Feb 2020 10:06:29 +0000. Up 10.49 seconds.
[   10.588431] cloud-init[1484]: Cloud-init v. 19.4-33-gbb4131a2-0ubuntu1~16.04.1 finished at Fri, 28 Feb 2020 10:06:29 +0000. Datasource DataSourceNoCloud [seed=/dev/sdb][dsmode=net].  Up 10.56 seconds
[[0;32m  OK  [0m] Started Execute cloud user/final scripts.
[[0;32m  OK  [0m] Reached target Cloud-init target.

Ubuntu 16.04.6 LTS ubuntu-xenial ttyS0

ubuntu-xenial login: 